[debug] [2019-11-11T17:00:09.021Z] ----------------------------------------------------------------------
[debug] [2019-11-11T17:00:09.024Z] Command:       /Users/Kou/.nvm/v10.15.1/bin/node /Users/Kou/.nvm/v10.15.1/bin/firebase serve --only functions --only functions
[debug] [2019-11-11T17:00:09.024Z] CLI Version:   7.6.2
[debug] [2019-11-11T17:00:09.024Z] Platform:      darwin
[debug] [2019-11-11T17:00:09.024Z] Node Version:  v10.15.1
[debug] [2019-11-11T17:00:09.026Z] Time:          Tue Nov 12 2019 02:00:09 GMT+0900 (GMT+09:00)
[debug] [2019-11-11T17:00:09.026Z] ----------------------------------------------------------------------
[debug] [2019-11-11T17:00:09.026Z] 
[debug] [2019-11-11T17:00:09.044Z] > command requires scopes: ["email","openid","https://www.googleapis.com/auth/cloudplatformprojects.readonly","https://www.googleapis.com/auth/firebase","https://www.googleapis.com/auth/cloud-platform"]
[debug] [2019-11-11T17:00:09.044Z] > authorizing via signed-in user
[debug] [2019-11-11T17:00:09.044Z] [iam] checking project scenario-tree for permissions ["firebase.projects.get"]
[debug] [2019-11-11T17:00:09.046Z] > refreshing access token with scopes: ["email","https://www.googleapis.com/auth/cloud-platform","https://www.googleapis.com/auth/cloudplatformprojects.readonly","https://www.googleapis.com/auth/firebase","openid"]
[debug] [2019-11-11T17:00:09.046Z] >>> HTTP REQUEST POST https://www.googleapis.com/oauth2/v3/token  
 <request body omitted>
[debug] [2019-11-11T17:00:09.255Z] <<< HTTP RESPONSE 200
[debug] [2019-11-11T17:00:09.275Z] >>> HTTP REQUEST POST https://cloudresourcemanager.googleapis.com/v1/projects/scenario-tree:testIamPermissions  

[debug] [2019-11-11T17:00:10.270Z] <<< HTTP RESPONSE 200
[debug] [2019-11-11T17:00:10.272Z] >>> HTTP REQUEST GET https://firebase.googleapis.com/v1beta1/projects/scenario-tree  
 
[debug] [2019-11-11T17:00:11.192Z] <<< HTTP RESPONSE 200
[warn] ⚠  Your requested "node" version "8" doesn't match your global version "10"
[info] ✔  functions: Emulator started at http://localhost:5000
[info] i  functions: Watching "/Users/Kou/projects/vue-projects/BotEditor2/functions" for Cloud Functions...
[debug] [2019-11-11T17:00:11.478Z] [worker-~diagnostic~-84c44cdd-cc9c-460e-ba12-cb410b5160d9]: BUSY
[debug] [2019-11-11T17:00:11.743Z] [runtime-status] Functions runtime initialized. {"cwd":"/Users/Kou/projects/vue-projects/BotEditor2/functions","node_version":"10.15.1"}
[debug] [2019-11-11T17:00:11.744Z] [runtime-status] Disabled runtime features: {"functions_config_helper":true,"network_filtering":true,"timeout":true,"memory_limiting":true,"admin_stubs":true} {}
[debug] [2019-11-11T17:00:11.746Z] [runtime-status] Resolved module firebase-admin {"declared":true,"installed":true,"version":"8.6.1","resolution":"/Users/Kou/projects/vue-projects/BotEditor2/functions/node_modules/firebase-admin/lib/index.js"}
[debug] [2019-11-11T17:00:11.747Z] [runtime-status] Resolved module firebase-functions {"declared":true,"installed":true,"version":"2.2.0","resolution":"/Users/Kou/projects/vue-projects/BotEditor2/functions/node_modules/firebase-functions/lib/index.js"}
[warn] ⚠  The Cloud Functions emulator requires the module "firebase-functions" to be version >3.0.0.0.0 so your version is too old. You can probably fix this by running "npm install firebase-functions@latest" in your functions directory.
[info] i  functions: Your functions could not be parsed due to an issue with your node_modules (see above)
[debug] [2019-11-11T17:00:11.766Z] [worker-~diagnostic~-84c44cdd-cc9c-460e-ba12-cb410b5160d9]: exited
[debug] [2019-11-11T17:00:11.766Z] [worker-~diagnostic~-84c44cdd-cc9c-460e-ba12-cb410b5160d9]: FINISHED
